2025-12-30 00:58:16 [INFO] api_extensions.initialize_constraints_storage:1933 - Constraints storage initialized at: C:\Users\Asus\Documents\project\data\berth_constraints.json
2025-12-30 00:58:17 [INFO] api_extensions.register_ui_module_endpoints:766 - RBAC Manager initialized
2025-12-30 00:58:17 [INFO] api_extensions.register_ui_module_endpoints:1913 - [OK] Security-hardened UI Module API endpoints registered successfully
2025-12-30 10:05:28 [INFO] api_extensions.initialize_constraints_storage:1933 - Constraints storage initialized at: C:\Users\Asus\Documents\project\data\berth_constraints.json
2025-12-30 10:05:28 [INFO] api_extensions.register_ui_module_endpoints:766 - RBAC Manager initialized
2025-12-30 10:05:28 [INFO] api_extensions.register_ui_module_endpoints:1913 - [OK] Security-hardened UI Module API endpoints registered successfully
2025-12-30 11:35:54 [INFO] api_extensions.initialize_constraints_storage:1933 - Constraints storage initialized at: C:\Users\Asus\Documents\project\data\berth_constraints.json
2025-12-30 11:35:54 [INFO] api_extensions.register_ui_module_endpoints:766 - RBAC Manager initialized
2025-12-30 11:35:54 [INFO] api_extensions.register_ui_module_endpoints:1913 - [OK] Security-hardened UI Module API endpoints registered successfully
2025-12-30 11:36:22 [INFO] api_extensions.initialize_constraints_storage:1933 - Constraints storage initialized at: C:\Users\Asus\Documents\project\data\berth_constraints.json
2025-12-30 11:36:22 [INFO] api_extensions.register_ui_module_endpoints:766 - RBAC Manager initialized
2025-12-30 11:36:22 [INFO] api_extensions.register_ui_module_endpoints:1913 - [OK] Security-hardened UI Module API endpoints registered successfully
2025-12-30 11:40:28 [INFO] api_extensions.initialize_constraints_storage:1933 - Constraints storage initialized at: C:\Users\Asus\Documents\project\data\berth_constraints.json
2025-12-30 11:40:28 [INFO] api_extensions.register_ui_module_endpoints:766 - RBAC Manager initialized
2025-12-30 11:40:28 [INFO] api_extensions.register_ui_module_endpoints:1913 - [OK] Security-hardened UI Module API endpoints registered successfully
2025-12-30 12:36:29 [INFO] api_extensions.initialize_constraints_storage:1933 - Constraints storage initialized at: C:\Users\Asus\Documents\project\data\berth_constraints.json
2025-12-30 12:36:29 [INFO] api_extensions.register_ui_module_endpoints:766 - RBAC Manager initialized
2025-12-30 12:36:29 [INFO] api_extensions.register_ui_module_endpoints:1913 - [OK] Security-hardened UI Module API endpoints registered successfully
2025-12-30 12:36:35 [INFO] api_extensions.initialize_constraints_storage:1933 - Constraints storage initialized at: C:\Users\Asus\Documents\project\data\berth_constraints.json
2025-12-30 12:36:35 [INFO] api_extensions.register_ui_module_endpoints:766 - RBAC Manager initialized
2025-12-30 12:36:35 [INFO] api_extensions.register_ui_module_endpoints:1913 - [OK] Security-hardened UI Module API endpoints registered successfully
2025-12-30 13:41:29 [INFO] api_extensions.initialize_constraints_storage:1933 - Constraints storage initialized at: C:\Users\Asus\Documents\project\data\berth_constraints.json
2025-12-30 13:41:29 [INFO] api_extensions.register_ui_module_endpoints:766 - RBAC Manager initialized
2025-12-30 13:41:29 [INFO] api_extensions.register_ui_module_endpoints:1913 - [OK] Security-hardened UI Module API endpoints registered successfully
2025-12-30 14:42:08 [INFO] api_extensions.initialize_constraints_storage:1933 - Constraints storage initialized at: C:\Users\Asus\Documents\project\data\berth_constraints.json
2025-12-30 14:42:08 [INFO] api_extensions.register_ui_module_endpoints:766 - RBAC Manager initialized
2025-12-30 14:42:08 [INFO] api_extensions.register_ui_module_endpoints:1913 - [OK] Security-hardened UI Module API endpoints registered successfully
2025-12-30 14:46:06 [INFO] api_extensions.initialize_constraints_storage:1933 - Constraints storage initialized at: C:\Users\Asus\Documents\project\data\berth_constraints.json
2025-12-30 14:46:06 [INFO] api_extensions.register_ui_module_endpoints:766 - RBAC Manager initialized
2025-12-30 14:46:06 [INFO] api_extensions.register_ui_module_endpoints:1913 - [OK] Security-hardened UI Module API endpoints registered successfully
2025-12-30 14:46:10 [INFO] api_extensions.handle_voyage_templates:1353 - Voyage Templates API called: GET
2025-12-30 14:46:10 [WARNING] api_extensions._load_routes_as_templates:677 - Routes CSV not found: C:\Users\Asus\Documents\project\input\Routes.csv
2025-12-30 14:46:16 [INFO] api_extensions.initialize_constraints_storage:1933 - Constraints storage initialized at: C:\Users\Asus\Documents\project\data\berth_constraints.json
2025-12-30 14:46:16 [INFO] api_extensions.register_ui_module_endpoints:766 - RBAC Manager initialized
2025-12-30 14:46:16 [INFO] api_extensions.register_ui_module_endpoints:1913 - [OK] Security-hardened UI Module API endpoints registered successfully
2025-12-30 14:46:18 [INFO] api_extensions.handle_voyage_templates:1353 - Voyage Templates API called: GET
2025-12-30 14:46:18 [WARNING] api_extensions._load_routes_as_templates:677 - Routes CSV not found: C:\Users\Asus\Documents\project\input\Routes.csv
2025-12-30 14:46:32 [INFO] api_extensions.initialize_constraints_storage:1933 - Constraints storage initialized at: C:\Users\Asus\Documents\project\data\berth_constraints.json
2025-12-30 14:46:32 [INFO] api_extensions.register_ui_module_endpoints:766 - RBAC Manager initialized
2025-12-30 14:46:32 [INFO] api_extensions.register_ui_module_endpoints:1913 - [OK] Security-hardened UI Module API endpoints registered successfully
2025-12-30 14:46:48 [INFO] api_extensions.initialize_constraints_storage:1933 - Constraints storage initialized at: C:\Users\Asus\Documents\project\data\berth_constraints.json
2025-12-30 14:46:48 [INFO] api_extensions.register_ui_module_endpoints:766 - RBAC Manager initialized
2025-12-30 14:46:48 [INFO] api_extensions.register_ui_module_endpoints:1913 - [OK] Security-hardened UI Module API endpoints registered successfully
2025-12-30 14:46:52 [INFO] api_extensions.initialize_constraints_storage:1933 - Constraints storage initialized at: C:\Users\Asus\Documents\project\data\berth_constraints.json
2025-12-30 14:46:52 [INFO] api_extensions.register_ui_module_endpoints:766 - RBAC Manager initialized
2025-12-30 14:46:52 [INFO] api_extensions.register_ui_module_endpoints:1913 - [OK] Security-hardened UI Module API endpoints registered successfully
2025-12-30 14:46:56 [INFO] api_extensions.initialize_constraints_storage:1933 - Constraints storage initialized at: C:\Users\Asus\Documents\project\data\berth_constraints.json
2025-12-30 14:46:56 [INFO] api_extensions.register_ui_module_endpoints:766 - RBAC Manager initialized
2025-12-30 14:46:56 [INFO] api_extensions.register_ui_module_endpoints:1913 - [OK] Security-hardened UI Module API endpoints registered successfully
2025-12-30 14:46:59 [INFO] api_extensions.initialize_constraints_storage:1933 - Constraints storage initialized at: C:\Users\Asus\Documents\project\data\berth_constraints.json
2025-12-30 14:46:59 [INFO] api_extensions.register_ui_module_endpoints:766 - RBAC Manager initialized
2025-12-30 14:46:59 [INFO] api_extensions.register_ui_module_endpoints:1913 - [OK] Security-hardened UI Module API endpoints registered successfully
2025-12-30 14:49:00 [INFO] api_extensions.initialize_constraints_storage:1933 - Constraints storage initialized at: C:\Users\Asus\Documents\project\data\berth_constraints.json
2025-12-30 14:49:00 [INFO] api_extensions.register_ui_module_endpoints:766 - RBAC Manager initialized
2025-12-30 14:49:00 [INFO] api_extensions.register_ui_module_endpoints:1913 - [OK] Security-hardened UI Module API endpoints registered successfully
2025-12-30 14:49:18 [INFO] api_extensions.initialize_constraints_storage:1933 - Constraints storage initialized at: C:\Users\Asus\Documents\project\data\berth_constraints.json
2025-12-30 14:49:18 [INFO] api_extensions.register_ui_module_endpoints:766 - RBAC Manager initialized
2025-12-30 14:49:18 [INFO] api_extensions.register_ui_module_endpoints:1913 - [OK] Security-hardened UI Module API endpoints registered successfully
2025-12-30 14:49:40 [INFO] api_extensions.initialize_constraints_storage:1933 - Constraints storage initialized at: C:\Users\Asus\Documents\project\data\berth_constraints.json
2025-12-30 14:49:40 [INFO] api_extensions.register_ui_module_endpoints:766 - RBAC Manager initialized
2025-12-30 14:49:40 [INFO] api_extensions.register_ui_module_endpoints:1913 - [OK] Security-hardened UI Module API endpoints registered successfully
2025-12-30 15:12:35 [INFO] api_extensions.initialize_constraints_storage:1933 - Constraints storage initialized at: C:\Users\Asus\Documents\project\data\berth_constraints.json
2025-12-30 15:12:35 [INFO] api_extensions.register_ui_module_endpoints:766 - RBAC Manager initialized
2025-12-30 15:12:35 [INFO] api_extensions.register_ui_module_endpoints:1913 - [OK] Security-hardened UI Module API endpoints registered successfully
2025-12-30 15:12:35 [INFO] __main__.<module>:143 - UI Module API endpoints registered successfully
2025-12-30 15:12:35 [INFO] __main__.<module>:1173 - ============================================================
2025-12-30 15:12:35 [INFO] __main__.<module>:1174 - Starting Enhanced Vessel Scheduler API Server v2.0
2025-12-30 15:12:35 [INFO] __main__.<module>:1175 - ============================================================
2025-12-30 15:12:35 [INFO] __main__.<module>:1176 - Server running on http://localhost:5000
2025-12-30 15:12:35 [INFO] __main__.<module>:1177 - WebSocket support enabled on same port
2025-12-30 15:12:35 [INFO] __main__.<module>:1178 - Phase 2+ Features Active:
2025-12-30 15:12:35 [INFO] __main__.<module>:1179 -   ✓ PDF Report Generation
2025-12-30 15:12:35 [INFO] __main__.<module>:1180 -   ✓ Bunker Optimization
2025-12-30 15:12:35 [INFO] __main__.<module>:1181 -   ✓ Role-Based Access Control (RBAC)
2025-12-30 15:12:35 [INFO] __main__.<module>:1182 -   ✓ Real-time Collaboration (WebSocket)
2025-12-30 15:12:35 [INFO] __main__.<module>:1183 -   ✓ Enhanced Error Handling
2025-12-30 15:12:35 [INFO] __main__.<module>:1184 - Default Admin Account:
2025-12-30 15:12:35 [INFO] __main__.<module>:1185 -   Username: admin
2025-12-30 15:12:35 [INFO] __main__.<module>:1186 -   Password: [HIDDEN] (check initial_admin_password.txt if needed)
2025-12-30 15:12:35 [INFO] __main__.<module>:1187 - ============================================================
2025-12-30 15:17:59 [INFO] api_extensions.initialize_constraints_storage:1933 - Constraints storage initialized at: c:\Users\Asus\Documents\project\data\berth_constraints.json
2025-12-30 15:17:59 [INFO] api_extensions.register_ui_module_endpoints:766 - RBAC Manager initialized
2025-12-30 15:17:59 [INFO] api_extensions.register_ui_module_endpoints:1913 - [OK] Security-hardened UI Module API endpoints registered successfully
2025-12-30 15:17:59 [INFO] __main__.<module>:143 - UI Module API endpoints registered successfully
2025-12-30 15:17:59 [INFO] __main__.<module>:1173 - ============================================================
2025-12-30 15:17:59 [INFO] __main__.<module>:1174 - Starting Enhanced Vessel Scheduler API Server v2.0
2025-12-30 15:17:59 [INFO] __main__.<module>:1175 - ============================================================
2025-12-30 15:17:59 [INFO] __main__.<module>:1176 - Server running on http://localhost:5000
2025-12-30 15:17:59 [INFO] __main__.<module>:1177 - WebSocket support enabled on same port
2025-12-30 15:17:59 [INFO] __main__.<module>:1178 - Phase 2+ Features Active:
2025-12-30 15:17:59 [INFO] __main__.<module>:1179 -   ✓ PDF Report Generation
2025-12-30 15:17:59 [INFO] __main__.<module>:1180 -   ✓ Bunker Optimization
2025-12-30 15:17:59 [INFO] __main__.<module>:1181 -   ✓ Role-Based Access Control (RBAC)
2025-12-30 15:17:59 [INFO] __main__.<module>:1182 -   ✓ Real-time Collaboration (WebSocket)
2025-12-30 15:17:59 [INFO] __main__.<module>:1183 -   ✓ Enhanced Error Handling
2025-12-30 15:17:59 [INFO] __main__.<module>:1184 - Default Admin Account:
2025-12-30 15:17:59 [INFO] __main__.<module>:1185 -   Username: admin
2025-12-30 15:17:59 [INFO] __main__.<module>:1186 -   Password: [HIDDEN] (check initial_admin_password.txt if needed)
2025-12-30 15:17:59 [INFO] __main__.<module>:1187 - ============================================================
2025-12-30 15:25:28 [INFO] api_extensions.initialize_constraints_storage:1933 - Constraints storage initialized at: c:\Users\Asus\Documents\project\data\berth_constraints.json
2025-12-30 15:25:28 [INFO] api_extensions.register_ui_module_endpoints:766 - RBAC Manager initialized
2025-12-30 15:25:28 [INFO] api_extensions.register_ui_module_endpoints:1913 - [OK] Security-hardened UI Module API endpoints registered successfully
2025-12-30 15:25:28 [INFO] __main__.<module>:143 - UI Module API endpoints registered successfully
2025-12-30 15:25:28 [INFO] __main__.<module>:1177 - ============================================================
2025-12-30 15:25:28 [INFO] __main__.<module>:1178 - Starting Enhanced Vessel Scheduler API Server v2.0
2025-12-30 15:25:28 [INFO] __main__.<module>:1179 - ============================================================
2025-12-30 15:25:28 [INFO] __main__.<module>:1180 - Server running on http://localhost:5000
2025-12-30 15:25:28 [INFO] __main__.<module>:1181 - WebSocket support enabled on same port
2025-12-30 15:25:28 [INFO] __main__.<module>:1182 - Phase 2+ Features Active:
2025-12-30 15:25:28 [INFO] __main__.<module>:1183 -   ✓ PDF Report Generation
2025-12-30 15:25:28 [INFO] __main__.<module>:1184 -   ✓ Bunker Optimization
2025-12-30 15:25:28 [INFO] __main__.<module>:1185 -   ✓ Role-Based Access Control (RBAC)
2025-12-30 15:25:28 [INFO] __main__.<module>:1186 -   ✓ Real-time Collaboration (WebSocket)
2025-12-30 15:25:28 [INFO] __main__.<module>:1187 -   ✓ Enhanced Error Handling
2025-12-30 15:25:28 [INFO] __main__.<module>:1188 - Default Admin Account:
2025-12-30 15:25:28 [INFO] __main__.<module>:1189 -   Username: admin
2025-12-30 15:25:28 [INFO] __main__.<module>:1190 -   Password: [HIDDEN] (check initial_admin_password.txt if needed)
2025-12-30 15:25:28 [INFO] __main__.<module>:1191 - ============================================================
