2026-01-04 00:16:25 [INFO] api_extensions.initialize_constraints_storage:1933 - Constraints storage initialized at: C:\Users\Asus\Documents\project\data\berth_constraints.json
2026-01-04 00:16:25 [INFO] api_extensions.initialize_constraints_storage:1933 - Constraints storage initialized at: C:\Users\Asus\Documents\project\data\berth_constraints.json
2026-01-04 00:16:25 [INFO] api_extensions.register_ui_module_endpoints:766 - RBAC Manager initialized
2026-01-04 00:16:25 [INFO] api_extensions.register_ui_module_endpoints:766 - RBAC Manager initialized
2026-01-04 00:16:25 [INFO] api_extensions.register_ui_module_endpoints:1913 - [OK] Security-hardened UI Module API endpoints registered successfully
2026-01-04 00:16:25 [INFO] api_extensions.register_ui_module_endpoints:1913 - [OK] Security-hardened UI Module API endpoints registered successfully
2026-01-04 01:16:28 [INFO] api_extensions.initialize_constraints_storage:1933 - Constraints storage initialized at: C:\Users\Asus\Documents\project\data\berth_constraints.json
2026-01-04 01:16:28 [INFO] api_extensions.initialize_constraints_storage:1933 - Constraints storage initialized at: C:\Users\Asus\Documents\project\data\berth_constraints.json
2026-01-04 01:16:28 [INFO] api_extensions.register_ui_module_endpoints:766 - RBAC Manager initialized
2026-01-04 01:16:28 [INFO] api_extensions.register_ui_module_endpoints:766 - RBAC Manager initialized
2026-01-04 01:16:28 [INFO] api_extensions.register_ui_module_endpoints:1913 - [OK] Security-hardened UI Module API endpoints registered successfully
2026-01-04 01:16:28 [INFO] api_extensions.register_ui_module_endpoints:1913 - [OK] Security-hardened UI Module API endpoints registered successfully
2026-01-04 02:16:34 [INFO] api_extensions.initialize_constraints_storage:1933 - Constraints storage initialized at: C:\Users\Asus\Documents\project\data\berth_constraints.json
2026-01-04 02:16:34 [INFO] api_extensions.register_ui_module_endpoints:766 - RBAC Manager initialized
2026-01-04 02:16:34 [INFO] api_extensions.initialize_constraints_storage:1933 - Constraints storage initialized at: C:\Users\Asus\Documents\project\data\berth_constraints.json
2026-01-04 02:16:34 [INFO] api_extensions.register_ui_module_endpoints:766 - RBAC Manager initialized
2026-01-04 02:16:34 [INFO] api_extensions.register_ui_module_endpoints:1913 - [OK] Security-hardened UI Module API endpoints registered successfully
2026-01-04 02:16:34 [INFO] api_extensions.register_ui_module_endpoints:1913 - [OK] Security-hardened UI Module API endpoints registered successfully
2026-01-04 10:12:08 [INFO] api_extensions.initialize_constraints_storage:1933 - Constraints storage initialized at: C:\Users\Asus\Documents\project\data\berth_constraints.json
2026-01-04 10:12:08 [INFO] api_extensions.initialize_constraints_storage:1933 - Constraints storage initialized at: C:\Users\Asus\Documents\project\data\berth_constraints.json
2026-01-04 10:12:08 [INFO] api_extensions.register_ui_module_endpoints:766 - RBAC Manager initialized
2026-01-04 10:12:08 [INFO] api_extensions.register_ui_module_endpoints:1913 - [OK] Security-hardened UI Module API endpoints registered successfully
2026-01-04 10:12:08 [INFO] api_extensions.register_ui_module_endpoints:1913 - [OK] Security-hardened UI Module API endpoints registered successfully
2026-01-04 10:34:32 [INFO] api_extensions.initialize_constraints_storage:1933 - Constraints storage initialized at: C:\Users\Asus\Documents\project\data\berth_constraints.json
2026-01-04 10:34:32 [INFO] api_extensions.register_ui_module_endpoints:766 - RBAC Manager initialized
2026-01-04 10:34:32 [INFO] api_extensions.initialize_constraints_storage:1933 - Constraints storage initialized at: C:\Users\Asus\Documents\project\data\berth_constraints.json
2026-01-04 10:34:32 [INFO] api_extensions.register_ui_module_endpoints:766 - RBAC Manager initialized
2026-01-04 10:34:32 [INFO] api_extensions.register_ui_module_endpoints:1913 - [OK] Security-hardened UI Module API endpoints registered successfully
2026-01-04 10:34:32 [INFO] api_extensions.register_ui_module_endpoints:1913 - [OK] Security-hardened UI Module API endpoints registered successfully
2026-01-04 10:36:08 [INFO] api_extensions.initialize_constraints_storage:1933 - Constraints storage initialized at: C:\Users\Asus\Documents\project\data\berth_constraints.json
2026-01-04 10:36:08 [INFO] api_extensions.initialize_constraints_storage:1933 - Constraints storage initialized at: C:\Users\Asus\Documents\project\data\berth_constraints.json
2026-01-04 10:36:08 [INFO] api_extensions.register_ui_module_endpoints:766 - RBAC Manager initialized
2026-01-04 10:36:08 [INFO] api_extensions.register_ui_module_endpoints:766 - RBAC Manager initialized
2026-01-04 10:36:08 [INFO] api_extensions.register_ui_module_endpoints:1913 - [OK] Security-hardened UI Module API endpoints registered successfully
2026-01-04 10:36:08 [INFO] api_extensions.register_ui_module_endpoints:1913 - [OK] Security-hardened UI Module API endpoints registered successfully
2026-01-04 10:51:12 [INFO] api_extensions.handle_voyage_templates:1353 - Voyage Templates API called: GET
2026-01-04 10:51:12 [WARNING] api_extensions._load_routes_as_templates:677 - Routes CSV not found: C:\Users\Asus\Documents\project\input\Routes.csv
2026-01-04 10:52:17 [INFO] api_extensions.handle_voyage_templates:1353 - Voyage Templates API called: GET
2026-01-04 10:52:17 [WARNING] api_extensions._load_routes_as_templates:677 - Routes CSV not found: C:\Users\Asus\Documents\project\input\Routes.csv
2026-01-04 10:55:44 [INFO] api_extensions.initialize_constraints_storage:1933 - Constraints storage initialized at: C:\Users\Asus\Documents\project\data\berth_constraints.json
2026-01-04 10:55:44 [INFO] api_extensions.register_ui_module_endpoints:766 - RBAC Manager initialized
2026-01-04 10:55:44 [INFO] api_extensions.register_ui_module_endpoints:1913 - [OK] Security-hardened UI Module API endpoints registered successfully
2026-01-04 10:55:45 [INFO] api_extensions.initialize_constraints_storage:1933 - Constraints storage initialized at: C:\Users\Asus\Documents\project\data\berth_constraints.json
2026-01-04 10:55:45 [INFO] api_extensions.register_ui_module_endpoints:766 - RBAC Manager initialized
2026-01-04 10:55:45 [INFO] api_extensions.register_ui_module_endpoints:1913 - [OK] Security-hardened UI Module API endpoints registered successfully
2026-01-04 10:59:15 [INFO] api_extensions.initialize_constraints_storage:1933 - Constraints storage initialized at: C:\Users\Asus\Documents\project\data\berth_constraints.json
2026-01-04 10:59:15 [INFO] api_extensions.register_ui_module_endpoints:766 - RBAC Manager initialized
2026-01-04 10:59:15 [INFO] api_extensions.register_ui_module_endpoints:1913 - [OK] Security-hardened UI Module API endpoints registered successfully
2026-01-04 10:59:15 [INFO] api_extensions.initialize_constraints_storage:1933 - Constraints storage initialized at: C:\Users\Asus\Documents\project\data\berth_constraints.json
2026-01-04 10:59:15 [INFO] api_extensions.register_ui_module_endpoints:766 - RBAC Manager initialized
2026-01-04 10:59:15 [INFO] api_extensions.register_ui_module_endpoints:1913 - [OK] Security-hardened UI Module API endpoints registered successfully
2026-01-04 11:03:50 [INFO] api_extensions.initialize_constraints_storage:1933 - Constraints storage initialized at: c:\Users\Asus\Documents\project\data\berth_constraints.json
2026-01-04 11:03:50 [INFO] api_extensions.register_ui_module_endpoints:766 - RBAC Manager initialized
2026-01-04 11:03:50 [INFO] api_extensions.register_ui_module_endpoints:1913 - [OK] Security-hardened UI Module API endpoints registered successfully
2026-01-04 11:03:51 [INFO] api_extensions.initialize_constraints_storage:1933 - Constraints storage initialized at: c:\Users\Asus\Documents\project\data\berth_constraints.json
2026-01-04 11:03:51 [INFO] api_extensions.register_ui_module_endpoints:766 - RBAC Manager initialized
2026-01-04 11:03:51 [INFO] api_extensions.register_ui_module_endpoints:1913 - [OK] Security-hardened UI Module API endpoints registered successfully
2026-01-04 11:04:03 [INFO] api_extensions.initialize_constraints_storage:1933 - Constraints storage initialized at: C:\Users\Asus\Documents\project\data\berth_constraints.json
2026-01-04 11:04:03 [INFO] api_extensions.register_ui_module_endpoints:766 - RBAC Manager initialized
2026-01-04 11:04:03 [INFO] api_extensions.register_ui_module_endpoints:1913 - [OK] Security-hardened UI Module API endpoints registered successfully
2026-01-04 11:04:03 [INFO] api_extensions.initialize_constraints_storage:1933 - Constraints storage initialized at: C:\Users\Asus\Documents\project\data\berth_constraints.json
2026-01-04 11:04:03 [INFO] api_extensions.register_ui_module_endpoints:766 - RBAC Manager initialized
2026-01-04 11:04:03 [INFO] api_extensions.register_ui_module_endpoints:1913 - [OK] Security-hardened UI Module API endpoints registered successfully
2026-01-04 11:04:03 [INFO] api_extensions.initialize_constraints_storage:1933 - Constraints storage initialized at: c:\Users\Asus\Documents\project\data\berth_constraints.json
2026-01-04 11:04:03 [INFO] api_extensions.register_ui_module_endpoints:766 - RBAC Manager initialized
2026-01-04 11:04:03 [INFO] api_extensions.register_ui_module_endpoints:1913 - [OK] Security-hardened UI Module API endpoints registered successfully
2026-01-04 11:07:04 [INFO] api_extensions.initialize_constraints_storage:1930 - Constraints storage initialized at: c:\Users\Asus\Documents\project\data\berth_constraints.json
2026-01-04 11:07:04 [INFO] api_extensions.register_ui_module_endpoints:766 - RBAC Manager initialized
2026-01-04 11:07:04 [INFO] api_extensions.register_ui_module_endpoints:1910 - [OK] Security-hardened UI Module API endpoints registered successfully
2026-01-04 11:07:04 [INFO] api_extensions.initialize_constraints_storage:1930 - Constraints storage initialized at: C:\Users\Asus\Documents\project\data\berth_constraints.json
2026-01-04 11:07:04 [INFO] api_extensions.register_ui_module_endpoints:766 - RBAC Manager initialized
2026-01-04 11:07:04 [INFO] api_extensions.register_ui_module_endpoints:1910 - [OK] Security-hardened UI Module API endpoints registered successfully
2026-01-04 11:07:05 [INFO] api_extensions.initialize_constraints_storage:1930 - Constraints storage initialized at: C:\Users\Asus\Documents\project\data\berth_constraints.json
2026-01-04 11:07:05 [INFO] api_extensions.register_ui_module_endpoints:766 - RBAC Manager initialized
2026-01-04 11:07:05 [INFO] api_extensions.register_ui_module_endpoints:1910 - [OK] Security-hardened UI Module API endpoints registered successfully
2026-01-04 11:12:13 [INFO] api_extensions.initialize_constraints_storage:1930 - Constraints storage initialized at: c:\Users\Asus\Documents\project\data\berth_constraints.json
2026-01-04 11:12:13 [INFO] api_extensions.register_ui_module_endpoints:766 - RBAC Manager initialized
2026-01-04 11:12:13 [INFO] api_extensions.register_ui_module_endpoints:1910 - [OK] Security-hardened UI Module API endpoints registered successfully
2026-01-04 11:12:13 [INFO] api_extensions.initialize_constraints_storage:1930 - Constraints storage initialized at: C:\Users\Asus\Documents\project\data\berth_constraints.json
2026-01-04 11:12:13 [INFO] api_extensions.register_ui_module_endpoints:766 - RBAC Manager initialized
2026-01-04 11:12:13 [INFO] api_extensions.register_ui_module_endpoints:1910 - [OK] Security-hardened UI Module API endpoints registered successfully
2026-01-04 11:12:13 [INFO] api_extensions.initialize_constraints_storage:1930 - Constraints storage initialized at: C:\Users\Asus\Documents\project\data\berth_constraints.json
2026-01-04 11:12:13 [INFO] api_extensions.register_ui_module_endpoints:766 - RBAC Manager initialized
2026-01-04 11:12:13 [INFO] api_extensions.register_ui_module_endpoints:1910 - [OK] Security-hardened UI Module API endpoints registered successfully
2026-01-04 11:12:15 [INFO] api_extensions.initialize_constraints_storage:1930 - Constraints storage initialized at: c:\Users\Asus\Documents\project\data\berth_constraints.json
2026-01-04 11:12:15 [INFO] api_extensions.register_ui_module_endpoints:766 - RBAC Manager initialized
2026-01-04 11:12:15 [INFO] api_extensions.register_ui_module_endpoints:1910 - [OK] Security-hardened UI Module API endpoints registered successfully
2026-01-04 11:52:28 [INFO] api_extensions.initialize_constraints_storage:1930 - Constraints storage initialized at: c:\Users\Asus\Documents\project\data\berth_constraints.json
2026-01-04 11:52:28 [INFO] api_extensions.initialize_constraints_storage:1930 - Constraints storage initialized at: C:\Users\Asus\Documents\project\data\berth_constraints.json
2026-01-04 11:52:28 [INFO] api_extensions.register_ui_module_endpoints:766 - RBAC Manager initialized
2026-01-04 11:52:28 [INFO] api_extensions.register_ui_module_endpoints:766 - RBAC Manager initialized
2026-01-04 11:52:28 [INFO] api_extensions.register_ui_module_endpoints:1910 - [OK] Security-hardened UI Module API endpoints registered successfully
2026-01-04 11:52:28 [INFO] api_extensions.initialize_constraints_storage:1930 - Constraints storage initialized at: C:\Users\Asus\Documents\project\data\berth_constraints.json
2026-01-04 11:52:28 [INFO] api_extensions.register_ui_module_endpoints:766 - RBAC Manager initialized
2026-01-04 11:52:28 [INFO] api_extensions.register_ui_module_endpoints:1910 - [OK] Security-hardened UI Module API endpoints registered successfully
2026-01-04 11:52:28 [INFO] api_extensions.register_ui_module_endpoints:1910 - [OK] Security-hardened UI Module API endpoints registered successfully
2026-01-04 12:15:59 [INFO] api_extensions.initialize_constraints_storage:1930 - Constraints storage initialized at: C:\Users\Asus\Documents\project\data\berth_constraints.json
2026-01-04 12:15:59 [INFO] api_extensions.register_ui_module_endpoints:766 - RBAC Manager initialized
2026-01-04 12:15:59 [INFO] api_extensions.initialize_constraints_storage:1930 - Constraints storage initialized at: C:\Users\Asus\Documents\project\data\berth_constraints.json
2026-01-04 12:15:59 [INFO] api_extensions.register_ui_module_endpoints:766 - RBAC Manager initialized
2026-01-04 12:15:59 [INFO] api_extensions.register_ui_module_endpoints:1910 - [OK] Security-hardened UI Module API endpoints registered successfully
2026-01-04 12:15:59 [INFO] api_extensions.register_ui_module_endpoints:1910 - [OK] Security-hardened UI Module API endpoints registered successfully
2026-01-04 12:15:59 [INFO] api_extensions.initialize_constraints_storage:1930 - Constraints storage initialized at: c:\Users\Asus\Documents\project\data\berth_constraints.json
2026-01-04 12:15:59 [INFO] api_extensions.register_ui_module_endpoints:766 - RBAC Manager initialized
2026-01-04 12:15:59 [INFO] api_extensions.register_ui_module_endpoints:1910 - [OK] Security-hardened UI Module API endpoints registered successfully
2026-01-04 12:17:11 [INFO] api_extensions.initialize_constraints_storage:1930 - Constraints storage initialized at: c:\Users\Asus\Documents\project\data\berth_constraints.json
2026-01-04 12:17:11 [INFO] api_extensions.register_ui_module_endpoints:766 - RBAC Manager initialized
2026-01-04 12:17:11 [INFO] api_extensions.register_ui_module_endpoints:1910 - [OK] Security-hardened UI Module API endpoints registered successfully
2026-01-04 12:17:11 [INFO] api_extensions.initialize_constraints_storage:1930 - Constraints storage initialized at: C:\Users\Asus\Documents\project\data\berth_constraints.json
2026-01-04 12:17:11 [INFO] api_extensions.register_ui_module_endpoints:766 - RBAC Manager initialized
2026-01-04 12:17:11 [INFO] api_extensions.register_ui_module_endpoints:1910 - [OK] Security-hardened UI Module API endpoints registered successfully
2026-01-04 12:17:11 [INFO] api_extensions.initialize_constraints_storage:1930 - Constraints storage initialized at: C:\Users\Asus\Documents\project\data\berth_constraints.json
2026-01-04 12:17:11 [INFO] api_extensions.register_ui_module_endpoints:766 - RBAC Manager initialized
2026-01-04 12:17:11 [INFO] api_extensions.register_ui_module_endpoints:1910 - [OK] Security-hardened UI Module API endpoints registered successfully
2026-01-04 12:17:13 [INFO] api_extensions.initialize_constraints_storage:1930 - Constraints storage initialized at: c:\Users\Asus\Documents\project\data\berth_constraints.json
2026-01-04 12:17:13 [INFO] api_extensions.register_ui_module_endpoints:766 - RBAC Manager initialized
2026-01-04 12:17:13 [INFO] api_extensions.register_ui_module_endpoints:1910 - [OK] Security-hardened UI Module API endpoints registered successfully
2026-01-04 12:17:13 [INFO] api_extensions.initialize_constraints_storage:1930 - Constraints storage initialized at: C:\Users\Asus\Documents\project\data\berth_constraints.json
2026-01-04 12:17:13 [INFO] api_extensions.register_ui_module_endpoints:766 - RBAC Manager initialized
2026-01-04 12:17:13 [INFO] api_extensions.register_ui_module_endpoints:1910 - [OK] Security-hardened UI Module API endpoints registered successfully
2026-01-04 12:17:14 [INFO] api_extensions.initialize_constraints_storage:1930 - Constraints storage initialized at: C:\Users\Asus\Documents\project\data\berth_constraints.json
2026-01-04 12:17:14 [INFO] api_extensions.register_ui_module_endpoints:766 - RBAC Manager initialized
2026-01-04 12:17:14 [INFO] api_extensions.register_ui_module_endpoints:1910 - [OK] Security-hardened UI Module API endpoints registered successfully
2026-01-04 12:33:18 [INFO] api_extensions.initialize_constraints_storage:2138 - Constraints storage initialized at: c:\Users\Asus\Documents\project\data\berth_constraints.json
2026-01-04 13:08:31 [INFO] api_extensions.initialize_constraints_storage:2138 - Constraints storage initialized at: c:\Users\Asus\Documents\project\data\berth_constraints.json
2026-01-04 13:08:31 [INFO] api_extensions.register_ui_module_endpoints:766 - RBAC Manager initialized
2026-01-04 13:08:31 [INFO] api_extensions.register_ui_module_endpoints:2118 - [OK] Security-hardened UI Module API endpoints registered successfully
2026-01-04 13:08:31 [INFO] api_server_enhanced.<module>:161 - UI Module API endpoints registered successfully
2026-01-04 13:10:51 [INFO] api_extensions.initialize_constraints_storage:2138 - Constraints storage initialized at: c:\Users\Asus\Documents\project\data\berth_constraints.json
2026-01-04 13:10:51 [INFO] api_extensions.register_ui_module_endpoints:766 - RBAC Manager initialized
2026-01-04 13:10:51 [INFO] api_extensions.register_ui_module_endpoints:2118 - [OK] Security-hardened UI Module API endpoints registered successfully
2026-01-04 13:10:51 [INFO] api_server_enhanced.<module>:161 - UI Module API endpoints registered successfully
2026-01-04 13:12:50 [INFO] api_extensions.initialize_constraints_storage:2138 - Constraints storage initialized at: c:\Users\Asus\Documents\project\data\berth_constraints.json
2026-01-04 13:12:51 [INFO] api_extensions.register_ui_module_endpoints:766 - RBAC Manager initialized
2026-01-04 13:12:51 [INFO] api_extensions.register_ui_module_endpoints:2118 - [OK] Security-hardened UI Module API endpoints registered successfully
2026-01-04 13:12:51 [INFO] api_server_enhanced.<module>:161 - UI Module API endpoints registered successfully
2026-01-04 13:12:51 [ERROR] api_server_enhanced.<module>:171 - Failed to register missing endpoints: leading zeros in decimal integer literals are not permitted; use an 0o prefix for octal integers (api_missing_endpoints.py, line 75)
2026-01-04 13:13:12 [INFO] api_extensions.initialize_constraints_storage:2138 - Constraints storage initialized at: c:\Users\Asus\Documents\project\data\berth_constraints.json
2026-01-04 13:13:12 [INFO] api_extensions.register_ui_module_endpoints:766 - RBAC Manager initialized
2026-01-04 13:13:12 [INFO] api_extensions.register_ui_module_endpoints:2118 - [OK] Security-hardened UI Module API endpoints registered successfully
2026-01-04 13:13:12 [INFO] api_server_enhanced.<module>:161 - UI Module API endpoints registered successfully
2026-01-04 13:13:12 [INFO] api_server_enhanced.<module>:169 - Missing endpoints registered successfully - 22 new endpoints added
2026-01-04 14:29:50 [INFO] api_extensions.initialize_constraints_storage:2138 - Constraints storage initialized at: C:\Users\Asus\Documents\project\data\berth_constraints.json
2026-01-04 14:29:50 [INFO] api_extensions.register_ui_module_endpoints:766 - RBAC Manager initialized
2026-01-04 14:29:50 [INFO] api_extensions.register_ui_module_endpoints:2118 - [OK] Security-hardened UI Module API endpoints registered successfully
2026-01-04 14:29:50 [INFO] __main__.<module>:161 - UI Module API endpoints registered successfully
2026-01-04 14:29:50 [INFO] __main__.<module>:169 - Missing endpoints registered successfully - 22 new endpoints added
2026-01-04 14:29:50 [INFO] __main__.<module>:1436 - ============================================================
2026-01-04 14:29:50 [INFO] __main__.<module>:1437 - Starting Enhanced Vessel Scheduler API Server v2.1
2026-01-04 14:29:50 [INFO] __main__.<module>:1438 - ============================================================
2026-01-04 14:29:50 [INFO] __main__.<module>:1439 - Server running on http://localhost:5000
2026-01-04 14:29:50 [INFO] __main__.<module>:1440 - Serving Vue.js app from 'dist' directory
2026-01-04 14:29:50 [INFO] __main__.<module>:1441 - WebSocket support enabled on same port
2026-01-04 14:29:50 [INFO] __main__.<module>:1442 - Features Active:
2026-01-04 14:29:50 [INFO] __main__.<module>:1443 -    Vue.js Frontend Support
2026-01-04 14:29:50 [INFO] __main__.<module>:1444 -    PDF Report Generation
2026-01-04 14:29:50 [INFO] __main__.<module>:1445 -    Bunker Optimization
2026-01-04 14:29:50 [INFO] __main__.<module>:1446 -    Role-Based Access Control (RBAC)
2026-01-04 14:29:50 [INFO] __main__.<module>:1447 -    Real-time Collaboration (WebSocket)
2026-01-04 14:29:50 [INFO] __main__.<module>:1448 -    Year Schedule Optimization
2026-01-04 14:29:50 [INFO] __main__.<module>:1449 - ============================================================
2026-01-04 14:30:08 [INFO] api_extensions.initialize_constraints_storage:2138 - Constraints storage initialized at: C:\Users\Asus\Documents\project\data\berth_constraints.json
2026-01-04 14:30:08 [INFO] api_extensions.register_ui_module_endpoints:766 - RBAC Manager initialized
2026-01-04 14:30:08 [INFO] api_extensions.register_ui_module_endpoints:2118 - [OK] Security-hardened UI Module API endpoints registered successfully
2026-01-04 14:30:08 [INFO] __main__.<module>:161 - UI Module API endpoints registered successfully
2026-01-04 14:30:08 [INFO] __main__.<module>:169 - Missing endpoints registered successfully - 22 new endpoints added
2026-01-04 14:30:08 [INFO] __main__.<module>:1436 - ============================================================
2026-01-04 14:30:08 [INFO] __main__.<module>:1437 - Starting Enhanced Vessel Scheduler API Server v2.1
2026-01-04 14:30:08 [INFO] __main__.<module>:1438 - ============================================================
2026-01-04 14:30:08 [INFO] __main__.<module>:1439 - Server running on http://localhost:5000
2026-01-04 14:30:08 [INFO] __main__.<module>:1440 - Serving Vue.js app from 'dist' directory
2026-01-04 14:30:08 [INFO] __main__.<module>:1441 - WebSocket support enabled on same port
2026-01-04 14:30:08 [INFO] __main__.<module>:1442 - Features Active:
2026-01-04 14:30:08 [INFO] __main__.<module>:1443 -    Vue.js Frontend Support
2026-01-04 14:30:08 [INFO] __main__.<module>:1444 -    PDF Report Generation
2026-01-04 14:30:08 [INFO] __main__.<module>:1445 -    Bunker Optimization
2026-01-04 14:30:08 [INFO] __main__.<module>:1446 -    Role-Based Access Control (RBAC)
2026-01-04 14:30:08 [INFO] __main__.<module>:1447 -    Real-time Collaboration (WebSocket)
2026-01-04 14:30:08 [INFO] __main__.<module>:1448 -    Year Schedule Optimization
2026-01-04 14:30:08 [INFO] __main__.<module>:1449 - ============================================================
2026-01-05 13:48:06 [INFO] api_extensions.handle_voyage_templates:1379 - Voyage Templates API called: GET
2026-01-05 13:48:06 [WARNING] api_extensions._load_routes_as_templates:677 - Routes CSV not found: C:\Users\Asus\Documents\project\input\Routes.csv
