2026-01-05 13:46:44 [INFO] api_extensions.initialize_constraints_storage:2138 - Constraints storage initialized at: C:\Users\Asus\Documents\project\data\berth_constraints.json
2026-01-05 13:46:44 [INFO] api_extensions.register_ui_module_endpoints:766 - RBAC Manager initialized
2026-01-05 13:46:44 [INFO] api_extensions.register_ui_module_endpoints:2118 - [OK] Security-hardened UI Module API endpoints registered successfully
2026-01-05 13:46:44 [INFO] __main__.<module>:161 - UI Module API endpoints registered successfully
2026-01-05 13:46:44 [INFO] __main__.<module>:169 - Missing endpoints registered successfully - 22 new endpoints added
2026-01-05 13:46:44 [INFO] __main__.<module>:1436 - ============================================================
2026-01-05 13:46:44 [INFO] __main__.<module>:1437 - Starting Enhanced Vessel Scheduler API Server v2.1
2026-01-05 13:46:44 [INFO] __main__.<module>:1438 - ============================================================
2026-01-05 13:46:44 [INFO] __main__.<module>:1439 - Server running on http://localhost:5000
2026-01-05 13:46:44 [INFO] __main__.<module>:1440 - Serving Vue.js app from 'dist' directory
2026-01-05 13:46:44 [INFO] __main__.<module>:1441 - WebSocket support enabled on same port
2026-01-05 13:46:44 [INFO] __main__.<module>:1442 - Features Active:
2026-01-05 13:46:44 [INFO] __main__.<module>:1443 -    Vue.js Frontend Support
2026-01-05 13:46:44 [INFO] __main__.<module>:1444 -    PDF Report Generation
2026-01-05 13:46:44 [INFO] __main__.<module>:1445 -    Bunker Optimization
2026-01-05 13:46:44 [INFO] __main__.<module>:1446 -    Role-Based Access Control (RBAC)
2026-01-05 13:46:44 [INFO] __main__.<module>:1447 -    Real-time Collaboration (WebSocket)
2026-01-05 13:46:44 [INFO] __main__.<module>:1448 -    Year Schedule Optimization
2026-01-05 13:46:44 [INFO] __main__.<module>:1449 - ============================================================
2026-01-05 14:12:08 [INFO] api_extensions.initialize_constraints_storage:2138 - Constraints storage initialized at: C:\Users\Asus\Documents\project\data\berth_constraints.json
2026-01-05 14:12:08 [INFO] api_extensions.register_ui_module_endpoints:766 - RBAC Manager initialized
2026-01-05 14:12:08 [INFO] api_extensions.register_ui_module_endpoints:2118 - [OK] Security-hardened UI Module API endpoints registered successfully
2026-01-05 14:12:08 [INFO] __main__.<module>:161 - UI Module API endpoints registered successfully
2026-01-05 14:12:08 [INFO] __main__.<module>:169 - Missing endpoints registered successfully - 22 new endpoints added
2026-01-05 14:12:08 [INFO] __main__.<module>:1436 - ============================================================
2026-01-05 14:12:08 [INFO] __main__.<module>:1437 - Starting Enhanced Vessel Scheduler API Server v2.1
2026-01-05 14:12:08 [INFO] __main__.<module>:1438 - ============================================================
2026-01-05 14:12:08 [INFO] __main__.<module>:1439 - Server running on http://localhost:5000
2026-01-05 14:12:08 [INFO] __main__.<module>:1440 - Serving Vue.js app from 'dist' directory
2026-01-05 14:12:08 [INFO] __main__.<module>:1441 - WebSocket support enabled on same port
2026-01-05 14:12:08 [INFO] __main__.<module>:1442 - Features Active:
2026-01-05 14:12:08 [INFO] __main__.<module>:1443 -    Vue.js Frontend Support
2026-01-05 14:12:08 [INFO] __main__.<module>:1444 -    PDF Report Generation
2026-01-05 14:12:08 [INFO] __main__.<module>:1445 -    Bunker Optimization
2026-01-05 14:12:08 [INFO] __main__.<module>:1446 -    Role-Based Access Control (RBAC)
2026-01-05 14:12:08 [INFO] __main__.<module>:1447 -    Real-time Collaboration (WebSocket)
2026-01-05 14:12:08 [INFO] __main__.<module>:1448 -    Year Schedule Optimization
2026-01-05 14:12:08 [INFO] __main__.<module>:1449 - ============================================================
2026-01-05 14:41:20 [INFO] api_extensions.handle_voyage_templates:1379 - Voyage Templates API called: GET
2026-01-05 14:41:20 [WARNING] api_extensions._load_routes_as_templates:677 - Routes CSV not found: C:\Users\Asus\Documents\project\input\Routes.csv
2026-01-05 14:41:36 [INFO] api_extensions.handle_voyage_templates:1379 - Voyage Templates API called: GET
2026-01-05 14:41:36 [WARNING] api_extensions._load_routes_as_templates:677 - Routes CSV not found: C:\Users\Asus\Documents\project\input\Routes.csv
2026-01-05 15:58:43 [INFO] api_extensions.initialize_constraints_storage:2138 - Constraints storage initialized at: C:\Users\Asus\Documents\project\data\berth_constraints.json
2026-01-05 15:58:43 [INFO] api_extensions.register_ui_module_endpoints:766 - RBAC Manager initialized
2026-01-05 15:58:43 [INFO] api_extensions.register_ui_module_endpoints:2118 - [OK] Security-hardened UI Module API endpoints registered successfully
2026-01-05 15:58:43 [INFO] __main__.<module>:161 - UI Module API endpoints registered successfully
2026-01-05 15:58:43 [INFO] __main__.<module>:169 - Missing endpoints registered successfully - 22 new endpoints added
2026-01-05 15:58:43 [INFO] __main__.<module>:1436 - ============================================================
2026-01-05 15:58:43 [INFO] __main__.<module>:1437 - Starting Enhanced Vessel Scheduler API Server v2.1
2026-01-05 15:58:43 [INFO] __main__.<module>:1438 - ============================================================
2026-01-05 15:58:43 [INFO] __main__.<module>:1439 - Server running on http://localhost:5000
2026-01-05 15:58:43 [INFO] __main__.<module>:1440 - Serving Vue.js app from 'dist' directory
2026-01-05 15:58:43 [INFO] __main__.<module>:1441 - WebSocket support enabled on same port
2026-01-05 15:58:43 [INFO] __main__.<module>:1442 - Features Active:
2026-01-05 15:58:43 [INFO] __main__.<module>:1443 -    Vue.js Frontend Support
2026-01-05 15:58:43 [INFO] __main__.<module>:1444 -    PDF Report Generation
2026-01-05 15:58:43 [INFO] __main__.<module>:1445 -    Bunker Optimization
2026-01-05 15:58:43 [INFO] __main__.<module>:1446 -    Role-Based Access Control (RBAC)
2026-01-05 15:58:43 [INFO] __main__.<module>:1447 -    Real-time Collaboration (WebSocket)
2026-01-05 15:58:43 [INFO] __main__.<module>:1448 -    Year Schedule Optimization
2026-01-05 15:58:43 [INFO] __main__.<module>:1449 - ============================================================
2026-01-05 15:59:50 [INFO] api_extensions.initialize_constraints_storage:2138 - Constraints storage initialized at: C:\Users\Asus\Documents\project\data\berth_constraints.json
2026-01-05 15:59:50 [INFO] api_extensions.register_ui_module_endpoints:766 - RBAC Manager initialized
2026-01-05 15:59:50 [INFO] api_extensions.register_ui_module_endpoints:2118 - [OK] Security-hardened UI Module API endpoints registered successfully
2026-01-05 15:59:50 [INFO] __main__.<module>:161 - UI Module API endpoints registered successfully
2026-01-05 15:59:50 [INFO] __main__.<module>:169 - Missing endpoints registered successfully - 22 new endpoints added
2026-01-05 15:59:50 [INFO] __main__.<module>:1436 - ============================================================
2026-01-05 15:59:50 [INFO] __main__.<module>:1437 - Starting Enhanced Vessel Scheduler API Server v2.1
2026-01-05 15:59:50 [INFO] __main__.<module>:1438 - ============================================================
2026-01-05 15:59:50 [INFO] __main__.<module>:1439 - Server running on http://localhost:5000
2026-01-05 15:59:50 [INFO] __main__.<module>:1440 - Serving Vue.js app from 'dist' directory
2026-01-05 15:59:50 [INFO] __main__.<module>:1441 - WebSocket support enabled on same port
2026-01-05 15:59:50 [INFO] __main__.<module>:1442 - Features Active:
2026-01-05 15:59:50 [INFO] __main__.<module>:1443 -    Vue.js Frontend Support
2026-01-05 15:59:50 [INFO] __main__.<module>:1444 -    PDF Report Generation
2026-01-05 15:59:50 [INFO] __main__.<module>:1445 -    Bunker Optimization
2026-01-05 15:59:50 [INFO] __main__.<module>:1446 -    Role-Based Access Control (RBAC)
2026-01-05 15:59:50 [INFO] __main__.<module>:1447 -    Real-time Collaboration (WebSocket)
2026-01-05 15:59:50 [INFO] __main__.<module>:1448 -    Year Schedule Optimization
2026-01-05 15:59:50 [INFO] __main__.<module>:1449 - ============================================================
